c:\users\lucas\documents\agpt_cg\sdlprojectsetup23\sdlprojectsetup2\sdlprojectsetup\sdlprojectsetup\x64\debug\vc143.pdb
c:\users\lucas\documents\agpt_cg\sdlprojectsetup23\sdlprojectsetup2\sdlprojectsetup\sdlprojectsetup\x64\debug\vc143.idb
c:\users\lucas\documents\agpt_cg\sdlprojectsetup23\sdlprojectsetup2\sdlprojectsetup\sdlprojectsetup\x64\debug\glad.obj
c:\users\lucas\documents\agpt_cg\sdlprojectsetup23\sdlprojectsetup2\sdlprojectsetup\sdlprojectsetup\x64\debug\surfaceutils.obj
c:\users\lucas\documents\agpt_cg\sdlprojectsetup23\sdlprojectsetup2\sdlprojectsetup\sdlprojectsetup\x64\debug\stb_image.obj
c:\users\lucas\documents\agpt_cg\sdlprojectsetup23\sdlprojectsetup2\sdlprojectsetup\sdlprojectsetup\x64\debug\shaderutilities.obj
c:\users\lucas\documents\agpt_cg\sdlprojectsetup23\sdlprojectsetup2\sdlprojectsetup\sdlprojectsetup\x64\debug\origem.obj
c:\users\lucas\documents\agpt_cg\sdlprojectsetup23\sdlprojectsetup2\sdlprojectsetup\sdlprojectsetup\x64\debug\gameobject.obj
c:\users\lucas\documents\agpt_cg\sdlprojectsetup23\sdlprojectsetup2\sdlprojectsetup\sdlprojectsetup\x64\debug\controlledbasicobject.obj
c:\users\lucas\documents\agpt_cg\sdlprojectsetup23\sdlprojectsetup2\sdlprojectsetup\sdlprojectsetup\x64\debug\basicobject.obj
c:\users\lucas\documents\agpt_cg\sdlprojectsetup23\sdlprojectsetup2\sdlprojectsetup\x64\debug\sdlprojectsetup.dll
c:\users\lucas\documents\agpt_cg\sdlprojectsetup23\sdlprojectsetup2\sdlprojectsetup\x64\debug\sdlprojectsetup.pdb
c:\users\lucas\documents\agpt_cg\sdlprojectsetup23\sdlprojectsetup2\sdlprojectsetup\x64\debug\sdlprojectsetup.lib
c:\users\lucas\documents\agpt_cg\sdlprojectsetup23\sdlprojectsetup2\sdlprojectsetup\x64\debug\sdlprojectsetup.exp
c:\users\lucas\documents\agpt_cg\sdlprojectsetup23\sdlprojectsetup2\sdlprojectsetup\sdlprojectsetup\x64\debug\sdlprojectsetup.ilk
c:\users\lucas\documents\agpt_cg\sdlprojectsetup23\sdlprojectsetup2\sdlprojectsetup\sdlprojectsetup\x64\debug\sdlprojectsetup.tlog\cl.command.1.tlog
c:\users\lucas\documents\agpt_cg\sdlprojectsetup23\sdlprojectsetup2\sdlprojectsetup\sdlprojectsetup\x64\debug\sdlprojectsetup.tlog\cl.items.tlog
c:\users\lucas\documents\agpt_cg\sdlprojectsetup23\sdlprojectsetup2\sdlprojectsetup\sdlprojectsetup\x64\debug\sdlprojectsetup.tlog\cl.read.1.tlog
c:\users\lucas\documents\agpt_cg\sdlprojectsetup23\sdlprojectsetup2\sdlprojectsetup\sdlprojectsetup\x64\debug\sdlprojectsetup.tlog\cl.write.1.tlog
c:\users\lucas\documents\agpt_cg\sdlprojectsetup23\sdlprojectsetup2\sdlprojectsetup\sdlprojectsetup\x64\debug\sdlprojectsetup.tlog\link.command.1.tlog
c:\users\lucas\documents\agpt_cg\sdlprojectsetup23\sdlprojectsetup2\sdlprojectsetup\sdlprojectsetup\x64\debug\sdlprojectsetup.tlog\link.read.1.tlog
c:\users\lucas\documents\agpt_cg\sdlprojectsetup23\sdlprojectsetup2\sdlprojectsetup\sdlprojectsetup\x64\debug\sdlprojectsetup.tlog\link.secondary.1.tlog
c:\users\lucas\documents\agpt_cg\sdlprojectsetup23\sdlprojectsetup2\sdlprojectsetup\sdlprojectsetup\x64\debug\sdlprojectsetup.tlog\link.write.1.tlog
